Command line:
   FF_D_isim_beh.exe
     -simmode  gui
     -simrunnum  0
     -socket  52002

Sat Nov 30 21:24:40 2024


 Elaboration Time: 0.046875 sec

 Current Memory Usage: 5150.12 Meg

 Total Signals          : 5
 Total Nets             : 5
 Total Signal Drivers   : 3
 Total Blocks           : 2
 Total Primitive Blocks : 2
 Total Processes        : 3
 Total Traceable Variables  : 8
 Total Scalar Nets and Variables : 365
Total Line Count : 6

 Total Simulation Time: 0.078125 sec

 Current Memory Usage: 5150.12 Meg

Sat Nov 30 21:24:56 2024

